<?xml version="1.0" encoding="UTF-8"?>
<!-- Generated by org.testng.reporters.JUnitXMLReporter -->
<testsuite ignored="0" hostname="DESKTOP-EVOAUGI" failures="4" tests="5" name="AutomationTest" time="197.816" errors="0" timestamp="2022-11-14T19:06:36 EST">
  <testcase classname="testcase.firstTestCase" name="signup" time="28.166">
    <failure type="org.openqa.selenium.ElementNotInteractableException" message="element not interactable
  (Session info: MicrosoftEdge=107.0.1418.42)
Build info: version: &amp;apos;4.6.0&amp;apos;, revision: &amp;apos;79f1c02ae20&amp;apos;
System info: os.name: &amp;apos;Windows 10&amp;apos;, os.arch: &amp;apos;amd64&amp;apos;, os.version: &amp;apos;10.0&amp;apos;, java.version: &amp;apos;17.0.4.1&amp;apos;
Driver info: org.openqa.selenium.edge.EdgeDriver
Command: [7c10acd6c0ea90188e72f03d5156655f, sendKeysToElement {id=a99d8e41-838c-47f2-b4c3-7f8f09d730d5, value=[Ljava.lang.CharSequence;@1373e3ee}]
Capabilities {acceptInsecureCerts: false, browserName: msedge, browserVersion: 107.0.1418.42, ms:edgeOptions: {debuggerAddress: localhost:50320}, msedge: {msedgedriverVersion: 107.0.1418.42 (5ed2a3ace08d..., userDataDir: C:\Users\SAR\AppData\Local\...}, networkConnectionEnabled: false, pageLoadStrategy: normal, platformName: WINDOWS, proxy: Proxy(), se:cdp: ws://localhost:50320/devtoo..., se:cdpVersion: 107.0.1418.42, setWindowRect: true, strictFileInteractability: false, timeouts: {implicit: 0, pageLoad: 300000, script: 30000}, unhandledPromptBehavior: dismiss and notify, webauthn:extension:credBlob: true, webauthn:extension:largeBlob: true, webauthn:virtualAuthenticators: true}
Element: [[EdgeDriver: msedge on WINDOWS (7c10acd6c0ea90188e72f03d5156655f)] -&amp;gt; xpath: //input[@id=&amp;apos;password&amp;apos;]]
Session ID: 7c10acd6c0ea90188e72f03d5156655f">
      <![CDATA[org.openqa.selenium.ElementNotInteractableException: element not interactable
  (Session info: MicrosoftEdge=107.0.1418.42)
Build info: version: '4.6.0', revision: '79f1c02ae20'
System info: os.name: 'Windows 10', os.arch: 'amd64', os.version: '10.0', java.version: '17.0.4.1'
Driver info: org.openqa.selenium.edge.EdgeDriver
Command: [7c10acd6c0ea90188e72f03d5156655f, sendKeysToElement {id=a99d8e41-838c-47f2-b4c3-7f8f09d730d5, value=[Ljava.lang.CharSequence;@1373e3ee}]
Capabilities {acceptInsecureCerts: false, browserName: msedge, browserVersion: 107.0.1418.42, ms:edgeOptions: {debuggerAddress: localhost:50320}, msedge: {msedgedriverVersion: 107.0.1418.42 (5ed2a3ace08d..., userDataDir: C:\Users\SAR\AppData\Local\...}, networkConnectionEnabled: false, pageLoadStrategy: normal, platformName: WINDOWS, proxy: Proxy(), se:cdp: ws://localhost:50320/devtoo..., se:cdpVersion: 107.0.1418.42, setWindowRect: true, strictFileInteractability: false, timeouts: {implicit: 0, pageLoad: 300000, script: 30000}, unhandledPromptBehavior: dismiss and notify, webauthn:extension:credBlob: true, webauthn:extension:largeBlob: true, webauthn:virtualAuthenticators: true}
Element: [[EdgeDriver: msedge on WINDOWS (7c10acd6c0ea90188e72f03d5156655f)] -> xpath: //input[@id='password']]
Session ID: 7c10acd6c0ea90188e72f03d5156655f
at org.openqa.selenium.remote.codec.w3c.W3CHttpResponseCodec.createException(W3CHttpResponseCodec.java:200)
at org.openqa.selenium.remote.codec.w3c.W3CHttpResponseCodec.decode(W3CHttpResponseCodec.java:133)
at org.openqa.selenium.remote.codec.w3c.W3CHttpResponseCodec.decode(W3CHttpResponseCodec.java:53)
at org.openqa.selenium.remote.HttpCommandExecutor.execute(HttpCommandExecutor.java:184)
at org.openqa.selenium.remote.service.DriverCommandExecutor.invokeExecute(DriverCommandExecutor.java:167)
at org.openqa.selenium.remote.service.DriverCommandExecutor.execute(DriverCommandExecutor.java:142)
at org.openqa.selenium.remote.RemoteWebDriver.execute(RemoteWebDriver.java:541)
at org.openqa.selenium.remote.RemoteWebElement.execute(RemoteWebElement.java:257)
at org.openqa.selenium.remote.RemoteWebElement.sendKeys(RemoteWebElement.java:113)
at testcase.firstTestCase.signup(firstTestCase.java:24)
at java.base/java.util.ArrayList.forEach(ArrayList.java:1511)
... Removed 32 stack frames]]>
    </failure>
  </testcase> <!-- signup -->
  <testcase classname="testcase.firstTestCase" name="signup" time="23.027">
    <failure type="org.openqa.selenium.ElementNotInteractableException" message="element not interactable
  (Session info: MicrosoftEdge=107.0.1418.42)
Build info: version: &amp;apos;4.6.0&amp;apos;, revision: &amp;apos;79f1c02ae20&amp;apos;
System info: os.name: &amp;apos;Windows 10&amp;apos;, os.arch: &amp;apos;amd64&amp;apos;, os.version: &amp;apos;10.0&amp;apos;, java.version: &amp;apos;17.0.4.1&amp;apos;
Driver info: org.openqa.selenium.edge.EdgeDriver
Command: [f4824fd4ec8959b586930558f145e7fa, sendKeysToElement {id=20eaee63-bbfc-42bb-a189-b9a27004e9c0, value=[Ljava.lang.CharSequence;@79ab97fd}]
Capabilities {acceptInsecureCerts: false, browserName: msedge, browserVersion: 107.0.1418.42, ms:edgeOptions: {debuggerAddress: localhost:50412}, msedge: {msedgedriverVersion: 107.0.1418.42 (5ed2a3ace08d..., userDataDir: C:\Users\SAR\AppData\Local\...}, networkConnectionEnabled: false, pageLoadStrategy: normal, platformName: WINDOWS, proxy: Proxy(), se:cdp: ws://localhost:50412/devtoo..., se:cdpVersion: 107.0.1418.42, setWindowRect: true, strictFileInteractability: false, timeouts: {implicit: 0, pageLoad: 300000, script: 30000}, unhandledPromptBehavior: dismiss and notify, webauthn:extension:credBlob: true, webauthn:extension:largeBlob: true, webauthn:virtualAuthenticators: true}
Element: [[EdgeDriver: msedge on WINDOWS (f4824fd4ec8959b586930558f145e7fa)] -&amp;gt; xpath: //input[@id=&amp;apos;password&amp;apos;]]
Session ID: f4824fd4ec8959b586930558f145e7fa">
      <![CDATA[org.openqa.selenium.ElementNotInteractableException: element not interactable
  (Session info: MicrosoftEdge=107.0.1418.42)
Build info: version: '4.6.0', revision: '79f1c02ae20'
System info: os.name: 'Windows 10', os.arch: 'amd64', os.version: '10.0', java.version: '17.0.4.1'
Driver info: org.openqa.selenium.edge.EdgeDriver
Command: [f4824fd4ec8959b586930558f145e7fa, sendKeysToElement {id=20eaee63-bbfc-42bb-a189-b9a27004e9c0, value=[Ljava.lang.CharSequence;@79ab97fd}]
Capabilities {acceptInsecureCerts: false, browserName: msedge, browserVersion: 107.0.1418.42, ms:edgeOptions: {debuggerAddress: localhost:50412}, msedge: {msedgedriverVersion: 107.0.1418.42 (5ed2a3ace08d..., userDataDir: C:\Users\SAR\AppData\Local\...}, networkConnectionEnabled: false, pageLoadStrategy: normal, platformName: WINDOWS, proxy: Proxy(), se:cdp: ws://localhost:50412/devtoo..., se:cdpVersion: 107.0.1418.42, setWindowRect: true, strictFileInteractability: false, timeouts: {implicit: 0, pageLoad: 300000, script: 30000}, unhandledPromptBehavior: dismiss and notify, webauthn:extension:credBlob: true, webauthn:extension:largeBlob: true, webauthn:virtualAuthenticators: true}
Element: [[EdgeDriver: msedge on WINDOWS (f4824fd4ec8959b586930558f145e7fa)] -> xpath: //input[@id='password']]
Session ID: f4824fd4ec8959b586930558f145e7fa
at org.openqa.selenium.remote.codec.w3c.W3CHttpResponseCodec.createException(W3CHttpResponseCodec.java:200)
at org.openqa.selenium.remote.codec.w3c.W3CHttpResponseCodec.decode(W3CHttpResponseCodec.java:133)
at org.openqa.selenium.remote.codec.w3c.W3CHttpResponseCodec.decode(W3CHttpResponseCodec.java:53)
at org.openqa.selenium.remote.HttpCommandExecutor.execute(HttpCommandExecutor.java:184)
at org.openqa.selenium.remote.service.DriverCommandExecutor.invokeExecute(DriverCommandExecutor.java:167)
at org.openqa.selenium.remote.service.DriverCommandExecutor.execute(DriverCommandExecutor.java:142)
at org.openqa.selenium.remote.RemoteWebDriver.execute(RemoteWebDriver.java:541)
at org.openqa.selenium.remote.RemoteWebElement.execute(RemoteWebElement.java:257)
at org.openqa.selenium.remote.RemoteWebElement.sendKeys(RemoteWebElement.java:113)
at testcase.firstTestCase.signup(firstTestCase.java:24)
at java.base/java.util.ArrayList.forEach(ArrayList.java:1511)
... Removed 32 stack frames]]>
    </failure>
  </testcase> <!-- signup -->
  <testcase classname="testcase.firstTestCase" name="signup" time="22.631">
    <failure type="org.openqa.selenium.ElementNotInteractableException" message="element not interactable
  (Session info: MicrosoftEdge=107.0.1418.42)
Build info: version: &amp;apos;4.6.0&amp;apos;, revision: &amp;apos;79f1c02ae20&amp;apos;
System info: os.name: &amp;apos;Windows 10&amp;apos;, os.arch: &amp;apos;amd64&amp;apos;, os.version: &amp;apos;10.0&amp;apos;, java.version: &amp;apos;17.0.4.1&amp;apos;
Driver info: org.openqa.selenium.edge.EdgeDriver
Command: [67c1ad36c9de5331b52e047874a2a824, sendKeysToElement {id=65d0109d-1aa5-4010-86f3-5485622bf4bd, value=[Ljava.lang.CharSequence;@7523d5a1}]
Capabilities {acceptInsecureCerts: false, browserName: msedge, browserVersion: 107.0.1418.42, ms:edgeOptions: {debuggerAddress: localhost:50501}, msedge: {msedgedriverVersion: 107.0.1418.42 (5ed2a3ace08d..., userDataDir: C:\Users\SAR\AppData\Local\...}, networkConnectionEnabled: false, pageLoadStrategy: normal, platformName: WINDOWS, proxy: Proxy(), se:cdp: ws://localhost:50501/devtoo..., se:cdpVersion: 107.0.1418.42, setWindowRect: true, strictFileInteractability: false, timeouts: {implicit: 0, pageLoad: 300000, script: 30000}, unhandledPromptBehavior: dismiss and notify, webauthn:extension:credBlob: true, webauthn:extension:largeBlob: true, webauthn:virtualAuthenticators: true}
Element: [[EdgeDriver: msedge on WINDOWS (67c1ad36c9de5331b52e047874a2a824)] -&amp;gt; xpath: //input[@id=&amp;apos;password&amp;apos;]]
Session ID: 67c1ad36c9de5331b52e047874a2a824">
      <![CDATA[org.openqa.selenium.ElementNotInteractableException: element not interactable
  (Session info: MicrosoftEdge=107.0.1418.42)
Build info: version: '4.6.0', revision: '79f1c02ae20'
System info: os.name: 'Windows 10', os.arch: 'amd64', os.version: '10.0', java.version: '17.0.4.1'
Driver info: org.openqa.selenium.edge.EdgeDriver
Command: [67c1ad36c9de5331b52e047874a2a824, sendKeysToElement {id=65d0109d-1aa5-4010-86f3-5485622bf4bd, value=[Ljava.lang.CharSequence;@7523d5a1}]
Capabilities {acceptInsecureCerts: false, browserName: msedge, browserVersion: 107.0.1418.42, ms:edgeOptions: {debuggerAddress: localhost:50501}, msedge: {msedgedriverVersion: 107.0.1418.42 (5ed2a3ace08d..., userDataDir: C:\Users\SAR\AppData\Local\...}, networkConnectionEnabled: false, pageLoadStrategy: normal, platformName: WINDOWS, proxy: Proxy(), se:cdp: ws://localhost:50501/devtoo..., se:cdpVersion: 107.0.1418.42, setWindowRect: true, strictFileInteractability: false, timeouts: {implicit: 0, pageLoad: 300000, script: 30000}, unhandledPromptBehavior: dismiss and notify, webauthn:extension:credBlob: true, webauthn:extension:largeBlob: true, webauthn:virtualAuthenticators: true}
Element: [[EdgeDriver: msedge on WINDOWS (67c1ad36c9de5331b52e047874a2a824)] -> xpath: //input[@id='password']]
Session ID: 67c1ad36c9de5331b52e047874a2a824
at org.openqa.selenium.remote.codec.w3c.W3CHttpResponseCodec.createException(W3CHttpResponseCodec.java:200)
at org.openqa.selenium.remote.codec.w3c.W3CHttpResponseCodec.decode(W3CHttpResponseCodec.java:133)
at org.openqa.selenium.remote.codec.w3c.W3CHttpResponseCodec.decode(W3CHttpResponseCodec.java:53)
at org.openqa.selenium.remote.HttpCommandExecutor.execute(HttpCommandExecutor.java:184)
at org.openqa.selenium.remote.service.DriverCommandExecutor.invokeExecute(DriverCommandExecutor.java:167)
at org.openqa.selenium.remote.service.DriverCommandExecutor.execute(DriverCommandExecutor.java:142)
at org.openqa.selenium.remote.RemoteWebDriver.execute(RemoteWebDriver.java:541)
at org.openqa.selenium.remote.RemoteWebElement.execute(RemoteWebElement.java:257)
at org.openqa.selenium.remote.RemoteWebElement.sendKeys(RemoteWebElement.java:113)
at testcase.firstTestCase.signup(firstTestCase.java:24)
at java.base/java.util.ArrayList.forEach(ArrayList.java:1511)
... Removed 32 stack frames]]>
    </failure>
  </testcase> <!-- signup -->
  <testcase classname="testcase.firstTestCase" name="signup" time="22.548">
    <failure type="org.openqa.selenium.ElementNotInteractableException" message="element not interactable
  (Session info: MicrosoftEdge=107.0.1418.42)
Build info: version: &amp;apos;4.6.0&amp;apos;, revision: &amp;apos;79f1c02ae20&amp;apos;
System info: os.name: &amp;apos;Windows 10&amp;apos;, os.arch: &amp;apos;amd64&amp;apos;, os.version: &amp;apos;10.0&amp;apos;, java.version: &amp;apos;17.0.4.1&amp;apos;
Driver info: org.openqa.selenium.edge.EdgeDriver
Command: [1233ce179fb3836c3d3dc86e4747e083, sendKeysToElement {id=0e04bef2-c803-486f-8468-3e426b646087, value=[Ljava.lang.CharSequence;@4052913c}]
Capabilities {acceptInsecureCerts: false, browserName: msedge, browserVersion: 107.0.1418.42, ms:edgeOptions: {debuggerAddress: localhost:50587}, msedge: {msedgedriverVersion: 107.0.1418.42 (5ed2a3ace08d..., userDataDir: C:\Users\SAR\AppData\Local\...}, networkConnectionEnabled: false, pageLoadStrategy: normal, platformName: WINDOWS, proxy: Proxy(), se:cdp: ws://localhost:50587/devtoo..., se:cdpVersion: 107.0.1418.42, setWindowRect: true, strictFileInteractability: false, timeouts: {implicit: 0, pageLoad: 300000, script: 30000}, unhandledPromptBehavior: dismiss and notify, webauthn:extension:credBlob: true, webauthn:extension:largeBlob: true, webauthn:virtualAuthenticators: true}
Element: [[EdgeDriver: msedge on WINDOWS (1233ce179fb3836c3d3dc86e4747e083)] -&amp;gt; xpath: //input[@id=&amp;apos;password&amp;apos;]]
Session ID: 1233ce179fb3836c3d3dc86e4747e083">
      <![CDATA[org.openqa.selenium.ElementNotInteractableException: element not interactable
  (Session info: MicrosoftEdge=107.0.1418.42)
Build info: version: '4.6.0', revision: '79f1c02ae20'
System info: os.name: 'Windows 10', os.arch: 'amd64', os.version: '10.0', java.version: '17.0.4.1'
Driver info: org.openqa.selenium.edge.EdgeDriver
Command: [1233ce179fb3836c3d3dc86e4747e083, sendKeysToElement {id=0e04bef2-c803-486f-8468-3e426b646087, value=[Ljava.lang.CharSequence;@4052913c}]
Capabilities {acceptInsecureCerts: false, browserName: msedge, browserVersion: 107.0.1418.42, ms:edgeOptions: {debuggerAddress: localhost:50587}, msedge: {msedgedriverVersion: 107.0.1418.42 (5ed2a3ace08d..., userDataDir: C:\Users\SAR\AppData\Local\...}, networkConnectionEnabled: false, pageLoadStrategy: normal, platformName: WINDOWS, proxy: Proxy(), se:cdp: ws://localhost:50587/devtoo..., se:cdpVersion: 107.0.1418.42, setWindowRect: true, strictFileInteractability: false, timeouts: {implicit: 0, pageLoad: 300000, script: 30000}, unhandledPromptBehavior: dismiss and notify, webauthn:extension:credBlob: true, webauthn:extension:largeBlob: true, webauthn:virtualAuthenticators: true}
Element: [[EdgeDriver: msedge on WINDOWS (1233ce179fb3836c3d3dc86e4747e083)] -> xpath: //input[@id='password']]
Session ID: 1233ce179fb3836c3d3dc86e4747e083
at org.openqa.selenium.remote.codec.w3c.W3CHttpResponseCodec.createException(W3CHttpResponseCodec.java:200)
at org.openqa.selenium.remote.codec.w3c.W3CHttpResponseCodec.decode(W3CHttpResponseCodec.java:133)
at org.openqa.selenium.remote.codec.w3c.W3CHttpResponseCodec.decode(W3CHttpResponseCodec.java:53)
at org.openqa.selenium.remote.HttpCommandExecutor.execute(HttpCommandExecutor.java:184)
at org.openqa.selenium.remote.service.DriverCommandExecutor.invokeExecute(DriverCommandExecutor.java:167)
at org.openqa.selenium.remote.service.DriverCommandExecutor.execute(DriverCommandExecutor.java:142)
at org.openqa.selenium.remote.RemoteWebDriver.execute(RemoteWebDriver.java:541)
at org.openqa.selenium.remote.RemoteWebElement.execute(RemoteWebElement.java:257)
at org.openqa.selenium.remote.RemoteWebElement.sendKeys(RemoteWebElement.java:113)
at testcase.firstTestCase.signup(firstTestCase.java:24)
at java.base/java.util.ArrayList.forEach(ArrayList.java:1511)
... Removed 32 stack frames]]>
    </failure>
  </testcase> <!-- signup -->
  <testcase classname="testcase.firstTestCase" name="signup" time="2.487"/>
</testsuite> <!-- AutomationTest -->
